<?xml version="1.0" encoding="UTF-8"?>
<testsuite xmlns:xsi="http://www.w3.org/2001/XMLSchema-instance" xsi:noNamespaceSchemaLocation="https://maven.apache.org/surefire/maven-surefire-plugin/xsd/surefire-test-report.xsd" version="3.0.2" name="com.example.MyRestfulServiceApplicationTests" time="6.733" tests="1" errors="0" skipped="0" failures="0">
  <properties>
[...]
</properties>
  <testcase name="contextLoads" classname="com.example.MyRestfulServiceApplicationTests" time="0.464">
    <system-out><![CDATA[14:58:09.911 [main] INFO org.springframework.test.context.support.AnnotationConfigContextLoaderUtils -- Could not detect default configuration classes for test class [com.example.MyRestfulServiceApplicationTests]: MyRestfulServiceApplicationTests does not declare any static, non-private, non-final, nested classes annotated with @Configuration.
14:58:10.041 [main] INFO org.springframework.boot.test.context.SpringBootTestContextBootstrapper -- Found @SpringBootConfiguration com.example.MyRestfulServiceApplication for test class com.example.MyRestfulServiceApplicationTests
14:58:10.276 [main] INFO org.springframework.boot.devtools.restart.RestartApplicationListener -- Restart disabled due to context in which it is running

  .   ____          _            __ _ _
 /\\ / ___'_ __ _ _(_)_ __  __ _ \ \ \ \
( ( )\___ | '_ | '_| | '_ \/ _` | \ \ \ \
 \\/  ___)| |_)| | | | | || (_| |  ) ) ) )
  '  |____| .__|_| |_|_| |_\__, | / / / /
 =========|_|==============|___/=/_/_/_/

 :: Spring Boot ::                (v4.0.2)

2026-02-18T14:58:10.656+05:30  INFO 5236 --- [MyRestfulService] [           main] c.e.MyRestfulServiceApplicationTests     : Starting MyRestfulServiceApplicationTests using Java 17.0.12 with PID 5236 (started by user in C:\Users\user\IdeaProjects\JAVA_Backend)
2026-02-18T14:58:10.658+05:30  INFO 5236 --- [MyRestfulService] [           main] c.e.MyRestfulServiceApplicationTests     : No active profile set, falling back to 1 default profile: "default"
2026-02-18T14:58:11.616+05:30  INFO 5236 --- [MyRestfulService] [           main] .s.d.r.c.RepositoryConfigurationDelegate : Bootstrapping Spring Data JPA repositories in DEFAULT mode.
2026-02-18T14:58:11.685+05:30  INFO 5236 --- [MyRestfulService] [           main] .s.d.r.c.RepositoryConfigurationDelegate : Finished Spring Data repository scanning in 58 ms. Found 1 JPA repository interface.
2026-02-18T14:58:12.250+05:30  INFO 5236 --- [MyRestfulService] [           main] org.hibernate.orm.jpa                    : HHH008540: Processing PersistenceUnitInfo [name: default]
2026-02-18T14:58:12.333+05:30  INFO 5236 --- [MyRestfulService] [           main] org.hibernate.orm.core                   : HHH000001: Hibernate ORM core version 7.2.1.Final
2026-02-18T14:58:13.044+05:30  INFO 5236 --- [MyRestfulService] [           main] o.s.o.j.p.SpringPersistenceUnitInfo      : No LoadTimeWeaver setup: ignoring JPA class transformer
2026-02-18T14:58:13.087+05:30  INFO 5236 --- [MyRestfulService] [           main] com.zaxxer.hikari.HikariDataSource       : HikariPool-1 - Starting...
2026-02-18T14:58:13.453+05:30  INFO 5236 --- [MyRestfulService] [           main] com.zaxxer.hikari.pool.HikariPool        : HikariPool-1 - Added connection com.mysql.cj.jdbc.ConnectionImpl@4f0c1409
2026-02-18T14:58:13.455+05:30  INFO 5236 --- [MyRestfulService] [           main] com.zaxxer.hikari.HikariDataSource       : HikariPool-1 - Start completed.
2026-02-18T14:58:13.549+05:30  WARN 5236 --- [MyRestfulService] [           main] org.hibernate.orm.deprecation            : HHH90000025: MySQLDialect does not need to be specified explicitly using 'hibernate.dialect' (remove the property setting and it will be selected by default)
2026-02-18T14:58:13.585+05:30  INFO 5236 --- [MyRestfulService] [           main] org.hibernate.orm.connections.pooling    : HHH10001005: Database info:
	Database JDBC URL [jdbc:mysql://localhost:3306/mercdb]
	Database driver: MySQL Connector/J
	Database dialect: MySQLDialect
	Database version: 8.0.45
	Default catalog/schema: mercdb/undefined
	Autocommit mode: undefined/unknown
	Isolation level: REPEATABLE_READ [default REPEATABLE_READ]
	JDBC fetch size: none
	Pool: DataSourceConnectionProvider
	Minimum pool size: undefined/unknown
	Maximum pool size: undefined/unknown
2026-02-18T14:58:14.609+05:30  INFO 5236 --- [MyRestfulService] [           main] org.hibernate.orm.core                   : HHH000489: No JTA platform available (set 'hibernate.transaction.jta.platform' to enable JTA platform integration)
2026-02-18T14:58:14.673+05:30  INFO 5236 --- [MyRestfulService] [           main] j.LocalContainerEntityManagerFactoryBean : Initialized JPA EntityManagerFactory for persistence unit 'default'
2026-02-18T14:58:14.784+05:30  INFO 5236 --- [MyRestfulService] [           main] o.s.d.j.r.query.QueryEnhancerFactories   : Hibernate is in classpath; If applicable, HQL parser will be used.
2026-02-18T14:58:14.997+05:30  WARN 5236 --- [MyRestfulService] [           main] JpaBaseConfiguration$JpaWebConfiguration : spring.jpa.open-in-view is enabled by default. Therefore, database queries may be performed during view rendering. Explicitly configure spring.jpa.open-in-view to disable this warning
2026-02-18T14:58:15.736+05:30  INFO 5236 --- [MyRestfulService] [           main] o.s.b.a.e.web.EndpointLinksResolver      : Exposing 1 endpoint beneath base path '/actuator'
2026-02-18T14:58:15.802+05:30  INFO 5236 --- [MyRestfulService] [           main] c.e.MyRestfulServiceApplicationTests     : Started MyRestfulServiceApplicationTests in 5.549 seconds (process running for 7.221)
]]></system-out>
  </testcase>
</testsuite>